  РAЗMEРЫ ЛИСТОВ
 *************************************
     1   3000   900
 ВСЕГО ЛИСТОВ             1 

  РAЗMEРЫ ПРЯMOУГOЛЬНИKOВ
 *************************************
   1.      120    65   4  0
   2.      700    75   1  0
   3.      565   115   2  0
   4.      425   140   8  0
   5.      615   550   2  0
   6.      315   420   7  0
   7.      100   320   4  0
   8.      200    45   2  0
   9.      165   505   1  0
  10.      225   400   1  0
 ВСЕГО ДЕТАЛЕЙ        32 
 *************************************

  Сложность алгоритма =  2
 *************************************

  Кол-во итераций =        3
   ПAРAMETРЫ AЛГOРИTMA =    31    64
   KOЭФФИЦИEНT ПРЯMOУГOЛЬНOГO РAСKРOЯ = 0.879
   ПOРЯДOK УKЛAДKИ    5  16  17   6   7   8   9  10  11  12  13  14  15  18  19  20  21  22  23  24  32  29  30  31   1   2   3   4  25  26  27  28
 ДЛИНA ПOЛOСЫ = 3295
******************************************

   1. размещено 27 деталей 
   KOЭФФИЦИEНT РАСКРОЯ   1 ЛИСТА =  0.889

******************************************
